√ = -61
Ñ = -124
√ = -61
Ö = -123
√ = -61
Å = -127
√ = -61
Ç = -126
√ = -61
Ä = -128
√ = -61
É = -125
√ = -61
§ = -92
√ = -61
° = -95
√ = -61
¢ = -94
√ = -61
† = -96
√ = -61
£ = -93
√ = -61
â = -119
√ = -61
ä = -118
√ = -61
ã = -117
√ = -61
à = -120
√ = -61
© = -87
√ = -61
™ = -86
√ = -61
´ = -85
√ = -61
® = -88
√ = -61
ç = -115
√ = -61
é = -114
√ = -61
è = -113
√ = -61
å = -116
√ = -61
≠ = -83
√ = -61
Æ = -82
√ = -61
Ø = -81
√ = -61
¨ = -84
√ = -61
ñ = -106
√ = -61
ì = -109
√ = -61
î = -108
√ = -61
í = -110
√ = -61
ï = -107
√ = -61
∂ = -74
√ = -61
≥ = -77
√ = -61
¥ = -76
√ = -61
≤ = -78
√ = -61
µ = -75
√ = -61
ú = -100
√ = -61
ö = -102
√ = -61
õ = -101
√ = -61
º = -68
√ = -61
∫ = -70
√ = -61
ª = -69
√ = -61
π = -71
√ = -61
á = -121
√ = -61
ß = -89
